[debug] [2025-09-14T10:11:04.038Z] ----------------------------------------------------------------------
[debug] [2025-09-14T10:11:04.040Z] Command:       /nix/store/ws50yvm6vzlzf7jzz6n7xh4szddrack1-nodejs-20.19.1/bin/node /nix/store/wma3rvxxva78rqvnpja82nx5b3mclpxg-firebase-tools-14.15.2/lib/node_modules/firebase-tools/lib/bin/firebase.js init hosting
[debug] [2025-09-14T10:11:04.040Z] CLI Version:   14.15.2
[debug] [2025-09-14T10:11:04.040Z] Platform:      linux
[debug] [2025-09-14T10:11:04.040Z] Node Version:  v20.19.1
[debug] [2025-09-14T10:11:04.040Z] Time:          Sun Sep 14 2025 10:11:04 GMT+0000 (Coordinated Universal Time)
[debug] [2025-09-14T10:11:04.041Z] ----------------------------------------------------------------------
[debug] 
[debug] [2025-09-14T10:11:04.043Z] >>> [apiv2][query] GET https://firebase-public.firebaseio.com/cli.json [none]
[debug] [2025-09-14T10:11:04.075Z] No OAuth tokens found
[debug] [2025-09-14T10:11:04.076Z] No OAuth tokens found
[error] Failed to fetch Firebase Project from current Studio Workspace: Unable to refresh auth: not yet authenticated.
[debug] [2025-09-14T10:11:04.081Z] > command requires scopes: ["email","openid","https://www.googleapis.com/auth/cloudplatformprojects.readonly","https://www.googleapis.com/auth/firebase","https://www.googleapis.com/auth/cloud-platform","https://www.googleapis.com/auth/userinfo.email"]
[debug] [2025-09-14T10:11:05.165Z] <<< [apiv2][status] GET https://firebase-public.firebaseio.com/cli.json 200
[debug] [2025-09-14T10:11:05.167Z] <<< [apiv2][body] GET https://firebase-public.firebaseio.com/cli.json {"cloudBuildErrorAfter":1594252800000,"cloudBuildWarnAfter":1590019200000,"defaultNode10After":1594252800000,"minVersion":"3.0.5","node8DeploysDisabledAfter":1613390400000,"node8RuntimeDisabledAfter":1615809600000,"node8WarnAfter":1600128000000}
[debug] [2025-09-14T10:16:44.256Z] ----------------------------------------------------------------------
[debug] [2025-09-14T10:16:44.258Z] Command:       /nix/store/ws50yvm6vzlzf7jzz6n7xh4szddrack1-nodejs-20.19.1/bin/node /nix/store/wma3rvxxva78rqvnpja82nx5b3mclpxg-firebase-tools-14.15.2/lib/node_modules/firebase-tools/lib/bin/firebase.js deploy
[debug] [2025-09-14T10:16:44.259Z] CLI Version:   14.15.2
[debug] [2025-09-14T10:16:44.259Z] Platform:      linux
[debug] [2025-09-14T10:16:44.259Z] Node Version:  v20.19.1
[debug] [2025-09-14T10:16:44.260Z] Time:          Sun Sep 14 2025 10:16:44 GMT+0000 (Coordinated Universal Time)
[debug] [2025-09-14T10:16:44.260Z] ----------------------------------------------------------------------
[debug] 
[debug] [2025-09-14T10:16:44.699Z] No OAuth tokens found
[debug] [2025-09-14T10:16:44.699Z] No OAuth tokens found
[error] Failed to fetch Firebase Project from current Studio Workspace: Unable to refresh auth: not yet authenticated.
[debug] [2025-09-14T10:16:44.705Z] > command requires scopes: ["email","openid","https://www.googleapis.com/auth/cloudplatformprojects.readonly","https://www.googleapis.com/auth/firebase","https://www.googleapis.com/auth/cloud-platform","https://www.googleapis.com/auth/userinfo.email"]
